1702547137520	geckodriver	INFO	Listening on 127.0.0.1:55864
1702547138029	mozrunner::runner	INFO	Running command: "/Applications/Firefox.app/Contents/MacOS/firefox-bin" "--marionette" "--remote-debugging-port" "55865" "--remote-allow-hosts" "localhost" "-foreground" "-no-remote" "-profile" "/var/folders/pv/k2bd37257537tgs1n1gvjy6m0000gn/T/rust_mozprofilewWepBr"
console.warn: services.settings: Ignoring preference override of remote settings server
console.warn: services.settings: Allow by setting MOZ_REMOTE_SETTINGS_DEVTOOLS=1 in the environment
1702547138662	Marionette	INFO	Marionette enabled
console.error: "Warning: unrecognized command line flag" "-remote-allow-hosts"
1702547138841	Marionette	INFO	Listening on port 55872
WebDriver BiDi listening on ws://127.0.0.1:55865
Read port: 55872
1702547139007	RemoteAgent	WARN	TLS certificate errors will be ignored for this session
UNSUPPORTED (log once): POSSIBLE ISSUE: unit 1 GLD_TEXTURE_INDEX_2D is unloadable and bound to sampler type (Float) - using zero texture because texture unloadable
DevTools listening on ws://127.0.0.1:55865/devtools/browser/4de64645-5581-4e3f-b4f3-238f65a6b367
JavaScript warning: https://www.recreation.gov/shared/libraries/mapbox-gl-2.15.0/mapbox-gl.js, line 2: WEBGL_debug_renderer_info is deprecated in Firefox and will be removed. Please use RENDERER.
JavaScript warning: , line 0: WebGL warning: texImage: Alpha-premult and y-flip are deprecated for non-DOM-Element uploads.
JavaScript warning: , line 0: WebGL warning: texImage: Alpha-premult and y-flip are deprecated for non-DOM-Element uploads.
JavaScript warning: , line 0: WebGL warning: texImage: Alpha-premult and y-flip are deprecated for non-DOM-Element uploads.
JavaScript warning: , line 0: WebGL warning: texImage: Alpha-premult and y-flip are deprecated for non-DOM-Element uploads.
JavaScript warning: , line 0: WebGL warning: texImage: Alpha-premult and y-flip are deprecated for non-DOM-Element uploads.
JavaScript warning: , line 0: WebGL warning: texImage: Alpha-premult and y-flip are deprecated for non-DOM-Element uploads.
JavaScript warning: , line 0: WebGL warning: texImage: Alpha-premult and y-flip are deprecated for non-DOM-Element uploads.
JavaScript warning: , line 0: WebGL warning: texImage: Alpha-premult and y-flip are deprecated for non-DOM-Element uploads.
JavaScript warning: , line 0: WebGL warning: texImage: Alpha-premult and y-flip are deprecated for non-DOM-Element uploads.
JavaScript warning: , line 0: WebGL warning: texImage: Alpha-premult and y-flip are deprecated for non-DOM-Element uploads.
JavaScript warning: , line 0: WebGL warning: texImage: Alpha-premult and y-flip are deprecated for non-DOM-Element uploads.
JavaScript warning: , line 0: WebGL warning: texImage: Alpha-premult and y-flip are deprecated for non-DOM-Element uploads.
JavaScript warning: , line 0: WebGL warning: texImage: Alpha-premult and y-flip are deprecated for non-DOM-Element uploads.
JavaScript warning: , line 0: WebGL warning: texImage: Alpha-premult and y-flip are deprecated for non-DOM-Element uploads.
JavaScript warning: , line 0: WebGL warning: texImage: Alpha-premult and y-flip are deprecated for non-DOM-Element uploads.
JavaScript warning: , line 0: WebGL warning: texImage: Alpha-premult and y-flip are deprecated for non-DOM-Element uploads.
JavaScript warning: , line 0: WebGL warning: texImage: Alpha-premult and y-flip are deprecated for non-DOM-Element uploads.
JavaScript warning: , line 0: WebGL warning: texImage: Alpha-premult and y-flip are deprecated for non-DOM-Element uploads.
JavaScript warning: , line 0: WebGL warning: texImage: Alpha-premult and y-flip are deprecated for non-DOM-Element uploads.
JavaScript warning: , line 0: WebGL warning: texImage: Alpha-premult and y-flip are deprecated for non-DOM-Element uploads.
JavaScript warning: , line 0: WebGL warning: texImage: Alpha-premult and y-flip are deprecated for non-DOM-Element uploads.
JavaScript warning: , line 0: WebGL warning: texImage: Alpha-premult and y-flip are deprecated for non-DOM-Element uploads.
JavaScript warning: , line 0: WebGL warning: texImage: Alpha-premult and y-flip are deprecated for non-DOM-Element uploads.
JavaScript warning: , line 0: WebGL warning: texImage: Alpha-premult and y-flip are deprecated for non-DOM-Element uploads.
JavaScript warning: , line 0: WebGL warning: texImage: Alpha-premult and y-flip are deprecated for non-DOM-Element uploads.
1702547168678	addons.xpi	ERROR	System addon update list error SyntaxError: XMLHttpRequest.open: 'http://%(server)s/dummy-system-addons.xml' is not a valid URL.
JavaScript warning: https://www.recreation.gov/camping/vendor.01b92e2423aa57d26d0b.min.js, line 2: Script terminated by timeout at:
e@https://www.recreation.gov/camping/vendor.01b92e2423aa57d26d0b.min.js:2:2123558

1702547173213	Marionette	INFO	Stopped listening on port 55872
